make all --print-data-base --no-builtin-variables --no-builtin-rules --question
# GNU Make 4.3
# Built for x86_64-pc-linux-gnu
# Copyright (C) 1988-2020 Free Software Foundation, Inc.
# License GPLv3+: GNU GPL version 3 or later <http://gnu.org/licenses/gpl.html>
# This is free software: you are free to change and redistribute it.
# There is NO WARRANTY, to the extent permitted by law.

# Make data base, printed on Thu Aug 25 17:08:55 2022

# Variables

# makefile (from 'Makefile', line 17)
PATH_OBJS = ./objs/
# environment
GDK_BACKEND = x11
# environment
LC_ALL = C
# environment
GNOME_SHELL_SESSION_MODE = ubuntu
# environment
SSH_AGENT_LAUNCHER = gnome-keyring
# environment
SNAP_INSTANCE_KEY = 
# environment
HOMEBREW_PREFIX = /home/linuxbrew/.linuxbrew
# environment
GJS_DEBUG_OUTPUT = stderr
# environment
MANDATORY_PATH = /usr/share/gconf/ubuntu.mandatory.path
# environment
QT_X11_NO_MITSHM = 1
# environment
VSCODE_CWD = /home/dracken24
# environment
WINDOWPATH = 2
# makefile (from 'Makefile', line 20)
PATH_UTILS = $(PATH_SRC)utils/
# default
MAKE_COMMAND := make
# environment
QT_ACCESSIBILITY = 1
# automatic
@D = $(patsubst %/,%,$(dir $@))
# environment
SNAP_INSTANCE_NAME = code
# environment
GDK_PIXBUF_MODULEDIR = /snap/code/105/usr/lib/x86_64-linux-gnu/gdk-pixbuf-2.0/2.10.0/loaders
# environment
VSCODE_HANDLES_UNCAUGHT_ERRORS = true
# default
.VARIABLES := 
# environment
PWD = /home/dracken24/Desktop/prog/42_en_cours/philosopher
# automatic
%D = $(patsubst %/,%,$(dir $%))
# environment
LSCOLORS = Gxfxcxdxbxegedabagacad
# environment
XDG_DATA_DIRS = /usr/share/ubuntu:/usr/share/gnome:/usr/local/share/:/usr/share/:/var/lib/snapd/desktop
# environment
OLDPWD = /home/dracken24
# automatic
^D = $(patsubst %/,%,$(dir $^))
# automatic
%F = $(notdir $%)
# environment
VSCODE_CODE_CACHE_PATH = /home/dracken24/.config/Code/CachedData/e4503b30fc78200f846c62cf8091b76ff5547662
# environment
LANG = C
# environment
XAUTHORITY = /run/user/1000/gdm/Xauthority
# default
.LOADED := 
# environment
HOMEBREW_REPOSITORY = /home/linuxbrew/.linuxbrew/Homebrew
# default
.INCLUDE_DIRS = /usr/local/include /usr/include /usr/include
# makefile
MAKEFLAGS = pqrR
# makefile (from 'Makefile', line 18)
PATH_SRC = ./src/
# makefile
CURDIR := /home/dracken24/Desktop/prog/42_en_cours/philosopher
# environment
APPLICATION_INSIGHTS_NO_DIAGNOSTIC_CHANNEL = true
# automatic
*D = $(patsubst %/,%,$(dir $*))
# environment
MFLAGS = -pqrR
# environment
SSH_AUTH_SOCK = /run/user/1000/keyring/ssh
# default
.SHELLFLAGS := -c
# makefile (from 'Makefile', line 13)
LIGHT_GREEN = $(shell tput -Txterm setaf 2)
# environment
XDG_CONFIG_DIRS = /etc/xdg/xdg-ubuntu:/etc/xdg
# automatic
+D = $(patsubst %/,%,$(dir $+))
# environment
XDG_SESSION_DESKTOP = ubuntu
# makefile (from 'Makefile', line 1)
MAKEFILE_LIST := Makefile
# environment
SNAP_REEXEC = 
# automatic
@F = $(notdir $@)
# environment
ZSH = /home/dracken24/.oh-my-zsh
# environment
VSCODE_PID = 7424
# environment
XDG_SESSION_TYPE = x11
# automatic
?D = $(patsubst %/,%,$(dir $?))
# environment
BAMF_DESKTOP_FILE_HINT = /var/lib/snapd/desktop/applications/code_code.desktop
# makefile (from 'Makefile', line 29)
FLAGS = -Wall -Wextra -Werror
# environment
SESSION_MANAGER = local/Dracken24:@/tmp/.ICE-unix/2816,unix/Dracken24:/tmp/.ICE-unix/2816
# automatic
*F = $(notdir $*)
# environment
MANPATH = /home/linuxbrew/.linuxbrew/share/man:
# environment
CHROME_DESKTOP = code-url-handler.desktop
# environment
DBUS_SESSION_BUS_ADDRESS = unix:path=/run/user/1000/bus
# automatic
<D = $(patsubst %/,%,$(dir $<))
# environment
VSCODE_NLS_CONFIG = {"locale":"en-gb","availableLanguages":{},"_languagePackSupport":true}
# default
MAKE_HOST := x86_64-pc-linux-gnu
# makefile (from 'Makefile', line 26)
OBJS = $(patsubst $(PATH_SRC)%.c, $(PATH_OBJS)%.o, $(FILES)) 
# environment
GNOME_DESKTOP_SESSION_ID = this-is-deprecated
# environment
INFOPATH = /home/linuxbrew/.linuxbrew/share/info:
# makefile
SHELL = /bin/sh
# default
MAKECMDGOALS := all
# environment
XMODIFIERS = @im=ibus
# environment
GJS_DEBUG_TOPICS = JS ERROR;JS LOG
# environment
SHLVL = 0
# environment
MAKELEVEL := 0
# default
MAKE = $(MAKE_COMMAND)
# environment
SNAP_COOKIE = fSKYpYhDKXjiX9W__W9nCBCj5n_I7R-ps2DwHvI_mLnd_pK3KmHQ
# environment
PATH = /home/linuxbrew/.linuxbrew/bin:/home/linuxbrew/.linuxbrew/sbin:/home/dracken24/bin:/usr/local/sbin:/usr/local/bin:/usr/sbin:/usr/bin:/sbin:/bin:/usr/games:/usr/local/games:/snap/bin:/snap/bin
# default
MAKEFILES := 
# environment
LANGUAGE = en_CA:en
# automatic
^F = $(notdir $^)
# environment
SNAP_USER_COMMON = /home/dracken24/snap/code/common
# environment
SNAP = /snap/code/105
# environment
INVOCATION_ID = 35cf16f34a8242b2a4ef66e7eaaa99bf
# makefile (from 'Makefile', line 19)
PATH_RUN = $(PATH_SRC)run/
# environment
SNAP_REVISION = 105
# environment
SNAP_REAL_HOME = /home/dracken24
# environment
USERNAME = dracken24
# makefile (from 'Makefile', line 22)
FILES = $(PATH_SRC)philo.c $(PATH_UTILS)utils.c $(PATH_UTILS)init_var.c $(PATH_RUN)run_01.c $(PATH_RUN)phases.c 
# automatic
?F = $(notdir $?)
# makefile (from 'Makefile', line 31)
NAME = philo
# environment
XDG_CURRENT_DESKTOP = Unity
# environment
LS_COLORS = 
# automatic
+F = $(notdir $+)
# environment
LESS = -R
# environment
DESKTOP_SESSION = ubuntu
# environment
ORIGINAL_XDG_CURRENT_DESKTOP = ubuntu:GNOME
# 'override' directive
GNUMAKEFLAGS := 
# environment
LOGNAME = dracken24
# environment
GIO_LAUNCHED_DESKTOP_FILE = /var/lib/snapd/desktop/applications/code_code.desktop
# environment
SNAP_ARCH = amd64
# makefile
.DEFAULT_GOAL := all
# environment
SYSTEMD_EXEC_PID = 2839
# environment
DISPLAY = :1
# environment
USER = dracken24
# environment
GTK_MODULES = gail:atk-bridge
# environment
DEFAULTS_PATH = /usr/share/gconf/ubuntu.default.path
# default
MAKE_VERSION := 4.3
# environment
DISABLE_WAYLAND = 1
# environment
SNAP_DATA = /var/snap/code/105
# environment
SNAP_CONTEXT = fSKYpYhDKXjiX9W__W9nCBCj5n_I7R-ps2DwHvI_mLnd_pK3KmHQ
# environment
MANAGERPID = 2097
# environment
HOMEBREW_CELLAR = /home/linuxbrew/.linuxbrew/Cellar
# environment
GIO_LAUNCHED_DESKTOP_FILE_PID = 7383
# environment
PAGER = less
# makefile (from 'Makefile', line 14)
LILAS = $(shell tput -Txterm setaf 5)
# environment
_ = /snap/code/105/usr/share/code/code
# makefile (from 'Makefile', line 15)
RESET = "\033[0m"
# environment
XDG_RUNTIME_DIR = /run/user/1000
# environment
GPG_AGENT_INFO = /run/user/1000/gnupg/S.gpg-agent:0:1
# environment
GDK_PIXBUF_MODULE_FILE = /home/dracken24/snap/code/common/.cache/gdk-pixbuf-loaders.cache
# environment
JOURNAL_STREAM = 8:40803
# environment
XDG_SESSION_CLASS = user
# environment
VSCODE_AMD_ENTRYPOINT = vs/workbench/api/node/extensionHostProcess
# environment
HOME = /home/dracken24
# environment
QT_IM_MODULE = ibus
# environment
ELECTRON_RUN_AS_NODE = 1
# environment
VSCODE_IPC_HOOK = /run/user/1000/vscode-fa98f921-1.70.2-main.sock
# environment
SNAP_NAME = code
# environment
GSETTINGS_SCHEMA_DIR = /snap/code/105/usr/share/glib-2.0/schemas
# default
.RECIPEPREFIX := 
# automatic
<F = $(notdir $<)
# environment
SNAP_VERSION = e4503b30
# default
SUFFIXES := 
# environment
VSCODE_CLI = 1
# environment
ELECTRON_NO_ATTACH_CONSOLE = 1
# environment
SNAP_COMMON = /var/snap/code/common
# default
.FEATURES := target-specific order-only second-expansion else-if shortest-stem undefine oneshell nocomment grouped-target extra-prereqs archives jobserver output-sync check-symlink load
# makefile (from 'Makefile', line 28)
CC = gcc
# environment
SNAP_USER_DATA = /home/dracken24/snap/code/105
# environment
XDG_MENU_PREFIX = gnome-
# environment
GDMSESSION = ubuntu
# environment
SNAP_LIBRARY_PATH = /var/lib/snapd/lib/gl:/var/lib/snapd/lib/gl32:/var/lib/snapd/void
# variable set hash-table stats:
# Load=139/1024=14%, Rehash=0, Collisions=12/194=6%
 

# Pattern-specific Variable Values

# No pattern-specific variable values.

# Directories

# src (device 66308, inode 3148394): No files, no impossibilities so far.
# . (device 66308, inode 3148326): 11 files, no impossibilities.

# 11 files, no impossibilities in 2 directories.

# Implicit Rules

objs/%.o: src/%.c
#  recipe to execute (from 'Makefile', line 39):
	@mkdir -p $(PATH_OBJS)
	@mkdir -p $(PATH_OBJS)run
	@mkdir -p $(PATH_OBJS)utils
	@$(CC) $(FLAGS) -I. -c $< -o $@
	@printf "$(LIGHT_GREEN)■"

# 1 implicit rules, 0 (0.0%) terminal.
# Files

# Not a target:
objs/utils/utils.o:
#  Implicit rule search has not been done.
#  Modification time never checked.
#  File has not been updated.

# Not a target:
objs/run/run_01.o:
#  Implicit rule search has not been done.
#  Modification time never checked.
#  File has not been updated.

# Not a target:
objs/philo.o:
#  Implicit rule search has not been done.
#  Modification time never checked.
#  File has not been updated.

# Not a target:
Makefile:
#  Implicit rule search has been done.
#  Last modified 2022-08-24 17:44:11.037970362
#  File has been updated.
#  Successfully updated.

msg_out:
#  Implicit rule search has not been done.
#  Modification time never checked.
#  File has not been updated.
#  recipe to execute (from 'Makefile', line 49):
	@echo $(LIGHT_GREEN)"\nPHILOSOPHER READY :)"$(RESET)

.Phony: all msg_in msg_out clean fclean re
#  Implicit rule search has not been done.
#  Modification time never checked.
#  File has not been updated.

clean:
#  Implicit rule search has not been done.
#  Modification time never checked.
#  File has not been updated.
#  recipe to execute (from 'Makefile', line 52):
	@rm -f $(OBJS)
	@rm -fr ./objs
	@echo $(LIGHT_GREEN)"BYE BYE"$(RESET)

# Not a target:
objs/utils/init_var.o:
#  Implicit rule search has not been done.
#  Modification time never checked.
#  File has not been updated.

re: fclean all
#  Implicit rule search has not been done.
#  Modification time never checked.
#  File has not been updated.

# Not a target:
.DEFAULT:
#  Implicit rule search has not been done.
#  Modification time never checked.
#  File has not been updated.

all: philo
#  Command line target.
#  Implicit rule search has been done.
#  File does not exist.
#  File has been updated.
#  Needs to be updated (-q is set).
# variable set hash-table stats:
# Load=0/32=0%, Rehash=0, Collisions=0/8=0%

fclean: clean
#  Implicit rule search has not been done.
#  Modification time never checked.
#  File has not been updated.
#  recipe to execute (from 'Makefile', line 57):
	@rm -f $(NAME)

# Not a target:
objs/run/phases.o:
#  Implicit rule search has not been done.
#  Modification time never checked.
#  File has not been updated.

philo: msg_in objs/philo.o objs/utils/utils.o objs/utils/init_var.o objs/run/run_01.o objs/run/phases.o msg_out
#  Implicit rule search has not been done.
#  File does not exist.
#  File has been updated.
#  Needs to be updated (-q is set).
# variable set hash-table stats:
# Load=0/32=0%, Rehash=0, Collisions=0/8=0%
#  recipe to execute (from 'Makefile', line 36):
	@gcc $(OBJS) $(FLAGS) -pthread -o $(NAME)
	

# Not a target:
.SUFFIXES:
#  Implicit rule search has not been done.
#  Modification time never checked.
#  File has not been updated.

# 'override' directive
msg_in: .SHELLSTATUS := 0
msg_in:
#  Implicit rule search has not been done.
#  Implicit/static pattern stem: ''
#  File does not exist.
#  File has been updated.
#  Needs to be updated (-q is set).
# automatic
# @ := msg_in
# automatic
# * := 
# automatic
# < := 
# automatic
# + := 
# automatic
# % := 
# automatic
# ^ := 
# automatic
# ? := 
# automatic
# | := 
# variable set hash-table stats:
# Load=9/32=28%, Rehash=0, Collisions=4/17=24%
#  recipe to execute (from 'Makefile', line 46):
	@echo $(LILAS)"COMPILING PHILOSOPHER..."$(RESET)

# files hash-table stats:
# Load=16/1024=2%, Rehash=0, Collisions=0/48=0%
# VPATH Search Paths

# No 'vpath' search paths.

# No general ('VPATH' variable) search path.

# strcache buffers: 1 (0) / strings = 30 / storage = 285 B / avg = 9 B
# current buf: size = 8162 B / used = 285 B / count = 30 / avg = 9 B

# strcache performance: lookups = 57 / hit rate = 47%
# hash-table stats:
# Load=30/8192=0%, Rehash=0, Collisions=0/57=0%
# Finished Make data base on Thu Aug 25 17:08:55 2022

 
